<?xml version="1.0" encoding="UTF-8"?>
<!-- Generated by org.testng.reporters.JUnitReportReporter -->
<testsuite hostname="WINDOWS-S3RGP8Q" failures="0" tests="8" name="com.amazon.tests.AmazonMenuTest" time="49.567" errors="0" timestamp="10 Jun 2022 02:25:59 GMT" skipped="0">
  <testcase classname="com.amazon.tests.AmazonMenuTest" name="testHamburgerMenuClick" time="4.114"/>
  <testcase classname="com.amazon.tests.AmazonMenuTest" name="testTvApplMenuClick" time="6.426"/>
  <testcase classname="com.amazon.tests.AmazonMenuTest" name="testClickTvMenu" time="7.477"/>
  <testcase classname="com.amazon.tests.AmazonMenuTest" name="testSelectSamsungBrand" time="8.291"/>
  <testcase classname="com.amazon.tests.AmazonMenuTest" name="testSortByFilter" time="3.176"/>
  <testcase classname="com.amazon.tests.AmazonMenuTest" name="testSelectFilterOption" time="4.988"/>
  <testcase classname="com.amazon.tests.AmazonMenuTest" name="testSelect2ndTv" time="6.353"/>
  <testcase classname="com.amazon.tests.AmazonMenuTest" name="testValidateItem" time="8.742"/>
</testsuite> <!-- com.amazon.tests.AmazonMenuTest -->
